<?xml version="1.0" encoding="UTF-8"?>
<!-- Generated by org.testng.reporters.JUnitReportReporter -->
<testsuite hostname="LAPTOP-0BKL0KAR" failures="0" tests="3" name="com.crm.qa.testcases.HomePageTest" time="14.052" errors="0" timestamp="2022-04-28T18:27:20 IST" skipped="2">
  <testcase classname="com.crm.qa.testcases.HomePageTest" name="clickOnContactsLinkTest" time="14.052"/>
  <system-out/>
  <testcase classname="com.crm.qa.testcases.HomePageTest" name="verifyHomePageTitleTest">
    <skipped/>
  </testcase> <!-- verifyHomePageTitleTest -->
  <system-out/>
  <testcase classname="com.crm.qa.testcases.HomePageTest" name="verifyUserNameTest">
    <skipped/>
  </testcase> <!-- verifyUserNameTest -->
  <system-out/>
</testsuite> <!-- com.crm.qa.testcases.HomePageTest -->
