<?xml version="1.0" encoding="UTF-8"?>
<!-- Generated by org.testng.reporters.JUnitReportReporter -->
<testsuite hostname="Vijay" failures="0" tests="2" name="com.crm.qa.testcases.LoginPageTest" time="21.992" errors="0" timestamp="2022-04-29T12:55:33 IST" skipped="0">
  <testcase classname="com.crm.qa.testcases.LoginPageTest" name="loginPageTitleTest" time="8.231"/>
  <system-out/>
  <testcase classname="com.crm.qa.testcases.LoginPageTest" name="loginTest" time="13.761"/>
  <system-out/>
</testsuite> <!-- com.crm.qa.testcases.LoginPageTest -->
